d:\mduffy3\desktop\programming assignment\programming assignment\assignment\debug\assignment.pch
d:\mduffy3\desktop\programming assignment\programming assignment\assignment\debug\vc141.pdb
d:\mduffy3\desktop\programming assignment\programming assignment\assignment\debug\vc141.idb
d:\mduffy3\desktop\programming assignment\programming assignment\assignment\debug\stdafx.obj
d:\mduffy3\desktop\programming assignment\programming assignment\assignment\debug\monopolymanager.obj
d:\mduffy3\desktop\programming assignment\programming assignment\assignment\debug\cproperty.obj
d:\mduffy3\desktop\programming assignment\programming assignment\assignment\debug\cpenalty.obj
d:\mduffy3\desktop\programming assignment\programming assignment\assignment\debug\cjail.obj
d:\mduffy3\desktop\programming assignment\programming assignment\assignment\debug\cgotojail.obj
d:\mduffy3\desktop\programming assignment\programming assignment\assignment\debug\cgo.obj
d:\mduffy3\desktop\programming assignment\programming assignment\assignment\debug\cfreeparking.obj
d:\mduffy3\desktop\programming assignment\programming assignment\assignment\debug\cbonus.obj
d:\mduffy3\desktop\programming assignment\programming assignment\assignment\debug\cairport.obj
d:\mduffy3\desktop\programming assignment\programming assignment\assignment\debug\assignment.obj
d:\mduffy3\desktop\programming assignment\programming assignment\debug\assignment.pdb
d:\mduffy3\desktop\programming assignment\programming assignment\assignment\debug\assignment.tlog\cl.command.1.tlog
d:\mduffy3\desktop\programming assignment\programming assignment\assignment\debug\assignment.tlog\cl.read.1.tlog
d:\mduffy3\desktop\programming assignment\programming assignment\assignment\debug\assignment.tlog\cl.write.1.tlog
d:\mduffy3\desktop\programming assignment\programming assignment\assignment\debug\assignment.tlog\link-cvtres.read.1.tlog
d:\mduffy3\desktop\programming assignment\programming assignment\assignment\debug\assignment.tlog\link-cvtres.write.1.tlog
d:\mduffy3\desktop\programming assignment\programming assignment\assignment\debug\assignment.tlog\link-rc.read.1.tlog
d:\mduffy3\desktop\programming assignment\programming assignment\assignment\debug\assignment.tlog\link-rc.write.1.tlog
d:\mduffy3\desktop\programming assignment\programming assignment\assignment\debug\assignment.tlog\link.command.1.tlog
d:\mduffy3\desktop\programming assignment\programming assignment\assignment\debug\assignment.tlog\link.read.1.tlog
d:\mduffy3\desktop\programming assignment\programming assignment\assignment\debug\assignment.tlog\link.write.1.tlog
